<?xml version="1.0" encoding="UTF-8"?>
<!-- Generated by org.testng.reporters.JUnitXMLReporter -->
<testsuite hostname="DESKTOP-U3QPD14" ignored="0" tests="1" failures="1" timestamp="11 Jun 2020 02:26:48 GMT" time="0.085" errors="0">
  <testcase name="@AfterMethod afterMethod" time="0.002" classname="TestNG">
    <failure type="java.lang.NullPointerException">
      <![CDATA[java.lang.NullPointerException
at TestNG.afterMethod(TestNG.java:31)
... Removed 28 stack frames]]>
    </failure>
  </testcase> <!-- @AfterMethod afterMethod -->
  <testcase name="f" time="0.011" classname="TestNG">
    <failure type="java.lang.Error" message="Unresolved compilation problem: 
	Type mismatch: cannot convert from ChromeDriver to WebDriver
">
      <![CDATA[java.lang.Error: Unresolved compilation problem: 
Type mismatch: cannot convert from ChromeDriver to WebDriver

at TestNG.f(TestNG.java:17)
... Removed 25 stack frames]]>
    </failure>
  </testcase> <!-- f -->
</testsuite>
